{"uuid":"b2943f70-eee8-4d46-9c98-902359ceb229","historyId":"53e22272795d6ad3fa7300b5a2a84399","fullName":"testCases.TestChangePINPage.testNext","labels":[{"name":"package","value":"testCases.TestChangePINPage"},{"name":"testClass","value":"testCases.TestChangePINPage"},{"name":"testMethod","value":"testNext"},{"name":"parentSuite","value":"Android Automation Suite"},{"name":"suite","value":"Flutter Customer App Automation"},{"name":"subSuite","value":"testCases.TestChangePINPage"},{"name":"host","value":"DESKTOP-1CKN538"},{"name":"thread","value":"27908@DESKTOP-1CKN538.main(1)"}],"links":[],"name":"testNext","status":"broken","statusDetails":{"known":false,"muted":false,"flaky":false,"message":"Returned value cannot be converted to WebElement: {error=no such element, message=An element could not be located on the page using the given search parameters., stacktrace=NoSuchElementError: An element could not be located on the page using the given search parameters.\n    at AndroidDriver.callee$0$0$ (C:\\Program Files (x86)\\Appium\\resources\\app\\node_modules\\appium-android-driver\\lib\\commands\\find.js:69:13)\n    at tryCatch (C:\\Program Files (x86)\\Appium\\resources\\app\\node_modules\\appium-android-driver\\node_modules\\babel-runtime\\regenerator\\runtime.js:67:40)\n    at GeneratorFunctionPrototype.invoke [as _invoke] (C:\\Program Files (x86)\\Appium\\resources\\app\\node_modules\\appium-android-driver\\node_modules\\babel-runtime\\regenerator\\runtime.js:315:22)\n    at GeneratorFunctionPrototype.prototype.(anonymous function) [as throw] (C:\\Program Files (x86)\\Appium\\resources\\app\\node_modules\\appium-android-driver\\node_modules\\babel-runtime\\regenerator\\runtime.js:100:21)\n    at GeneratorFunctionPrototype.invoke (C:\\Program Files (x86)\\Appium\\resources\\app\\node_modules\\appium-android-driver\\node_modules\\babel-runtime\\regenerator\\runtime.js:136:37)\n    at <anonymous>}\nBuild info: version: '3.141.59', revision: 'e82be7d358', time: '2018-11-14T08:17:03'\nSystem info: host: 'DESKTOP-1CKN538', ip: '192.168.4.145', os.name: 'Windows 10', os.arch: 'amd64', os.version: '10.0', java.version: '1.8.0_131'\nDriver info: driver.version: AndroidDriver","trace":"org.openqa.selenium.WebDriverException: Returned value cannot be converted to WebElement: {error=no such element, message=An element could not be located on the page using the given search parameters., stacktrace=NoSuchElementError: An element could not be located on the page using the given search parameters.\n    at AndroidDriver.callee$0$0$ (C:\\Program Files (x86)\\Appium\\resources\\app\\node_modules\\appium-android-driver\\lib\\commands\\find.js:69:13)\n    at tryCatch (C:\\Program Files (x86)\\Appium\\resources\\app\\node_modules\\appium-android-driver\\node_modules\\babel-runtime\\regenerator\\runtime.js:67:40)\n    at GeneratorFunctionPrototype.invoke [as _invoke] (C:\\Program Files (x86)\\Appium\\resources\\app\\node_modules\\appium-android-driver\\node_modules\\babel-runtime\\regenerator\\runtime.js:315:22)\n    at GeneratorFunctionPrototype.prototype.(anonymous function) [as throw] (C:\\Program Files (x86)\\Appium\\resources\\app\\node_modules\\appium-android-driver\\node_modules\\babel-runtime\\regenerator\\runtime.js:100:21)\n    at GeneratorFunctionPrototype.invoke (C:\\Program Files (x86)\\Appium\\resources\\app\\node_modules\\appium-android-driver\\node_modules\\babel-runtime\\regenerator\\runtime.js:136:37)\n    at <anonymous>}\nBuild info: version: '3.141.59', revision: 'e82be7d358', time: '2018-11-14T08:17:03'\nSystem info: host: 'DESKTOP-1CKN538', ip: '192.168.4.145', os.name: 'Windows 10', os.arch: 'amd64', os.version: '10.0', java.version: '1.8.0_131'\nDriver info: driver.version: AndroidDriver\r\n\tat org.openqa.selenium.remote.RemoteWebDriver.findElement(RemoteWebDriver.java:333)\r\n\tat io.appium.java_client.DefaultGenericMobileDriver.findElement(DefaultGenericMobileDriver.java:62)\r\n\tat io.appium.java_client.AppiumDriver.findElement(AppiumDriver.java:1)\r\n\tat io.appium.java_client.android.AndroidDriver.findElement(AndroidDriver.java:1)\r\n\tat io.appium.java_client.FindsByAccessibilityId.findElementByAccessibilityId(FindsByAccessibilityId.java:37)\r\n\tat features.ChangePIN.testNextButton(ChangePIN.java:107)\r\n\tat testCases.TestChangePINPage.testNext(TestChangePINPage.java:50)\r\n\tat sun.reflect.NativeMethodAccessorImpl.invoke0(Native Method)\r\n\tat sun.reflect.NativeMethodAccessorImpl.invoke(NativeMethodAccessorImpl.java:62)\r\n\tat sun.reflect.DelegatingMethodAccessorImpl.invoke(DelegatingMethodAccessorImpl.java:43)\r\n\tat java.lang.reflect.Method.invoke(Method.java:498)\r\n\tat org.testng.internal.MethodInvocationHelper.invokeMethod(MethodInvocationHelper.java:100)\r\n\tat org.testng.internal.Invoker.invokeMethod(Invoker.java:646)\r\n\tat org.testng.internal.Invoker.invokeTestMethod(Invoker.java:811)\r\n\tat org.testng.internal.Invoker.invokeTestMethods(Invoker.java:1137)\r\n\tat org.testng.internal.TestMethodWorker.invokeTestMethods(TestMethodWorker.java:129)\r\n\tat org.testng.internal.TestMethodWorker.run(TestMethodWorker.java:112)\r\n\tat org.testng.TestRunner.privateRun(TestRunner.java:753)\r\n\tat org.testng.TestRunner.run(TestRunner.java:607)\r\n\tat org.testng.SuiteRunner.runTest(SuiteRunner.java:368)\r\n\tat org.testng.SuiteRunner.runSequentially(SuiteRunner.java:363)\r\n\tat org.testng.SuiteRunner.privateRun(SuiteRunner.java:321)\r\n\tat org.testng.SuiteRunner.run(SuiteRunner.java:270)\r\n\tat org.testng.SuiteRunnerWorker.runSuite(SuiteRunnerWorker.java:52)\r\n\tat org.testng.SuiteRunnerWorker.run(SuiteRunnerWorker.java:86)\r\n\tat org.testng.TestNG.runSuitesSequentially(TestNG.java:1284)\r\n\tat org.testng.TestNG.runSuitesLocally(TestNG.java:1209)\r\n\tat org.testng.TestNG.runSuites(TestNG.java:1124)\r\n\tat org.testng.TestNG.run(TestNG.java:1096)\r\n\tat org.testng.IDEARemoteTestNG.run(IDEARemoteTestNG.java:73)\r\n\tat org.testng.RemoteTestNGStarter.main(RemoteTestNGStarter.java:123)\r\nCaused by: java.lang.ClassCastException: com.google.common.collect.Maps$TransformedEntriesMap cannot be cast to org.openqa.selenium.WebElement\r\n\tat org.openqa.selenium.remote.RemoteWebDriver.findElement(RemoteWebDriver.java:331)\r\n\t... 30 more\r\n"},"stage":"finished","start":1571899124390,"stop":1571899154214,"parameters":[]}